<?xml version="1.0" encoding="UTF-8"?>
<testsuite xmlns:xsi="http://www.w3.org/2001/XMLSchema-instance" xsi:noNamespaceSchemaLocation="https://maven.apache.org/surefire/maven-surefire-plugin/xsd/surefire-test-report.xsd" name="cn.itcast.wanxinp2p.account.Wanxinp2pAccountServiceApplicationTests" time="0.067" tests="3" errors="3" skipped="0" failures="0">
  <properties>
    <property name="sun.desktop" value="windows"/>
    <property name="awt.toolkit" value="sun.awt.windows.WToolkit"/>
    <property name="file.encoding.pkg" value="sun.io"/>
    <property name="java.specification.version" value="1.8"/>
    <property name="sun.cpu.isalist" value="amd64"/>
    <property name="sun.jnu.encoding" value="GBK"/>
    <property name="java.class.path" value="D:\java\wanxinp2p_apollo\wanxinp2p-account-service\target\test-classes;D:\java\wanxinp2p_apollo\wanxinp2p-account-service\target\classes;D:\java\Maven\repository\cn\itcast\wanxinp2p\wanxinp2p-api\1.0-SNAPSHOT\wanxinp2p-api-1.0-SNAPSHOT.jar;D:\java\Maven\repository\cn\itcast\wanxinp2p\wanxinp2p-common\1.0-SNAPSHOT\wanxinp2p-common-1.0-SNAPSHOT.jar;D:\java\Maven\repository\io\springfox\springfox-swagger2\2.9.2\springfox-swagger2-2.9.2.jar;D:\java\Maven\repository\io\swagger\swagger-annotations\1.5.20\swagger-annotations-1.5.20.jar;D:\java\Maven\repository\io\swagger\swagger-models\1.5.20\swagger-models-1.5.20.jar;D:\java\Maven\repository\io\springfox\springfox-spi\2.9.2\springfox-spi-2.9.2.jar;D:\java\Maven\repository\io\springfox\springfox-core\2.9.2\springfox-core-2.9.2.jar;D:\java\Maven\repository\io\springfox\springfox-schema\2.9.2\springfox-schema-2.9.2.jar;D:\java\Maven\repository\io\springfox\springfox-swagger-common\2.9.2\springfox-swagger-common-2.9.2.jar;D:\java\Maven\repository\io\springfox\springfox-spring-web\2.9.2\springfox-spring-web-2.9.2.jar;D:\java\Maven\repository\org\springframework\plugin\spring-plugin-core\1.2.0.RELEASE\spring-plugin-core-1.2.0.RELEASE.jar;D:\java\Maven\repository\org\springframework\plugin\spring-plugin-metadata\1.2.0.RELEASE\spring-plugin-metadata-1.2.0.RELEASE.jar;D:\java\Maven\repository\org\mapstruct\mapstruct\1.2.0.Final\mapstruct-1.2.0.Final.jar;D:\java\Maven\repository\io\springfox\springfox-swagger-ui\2.9.2\springfox-swagger-ui-2.9.2.jar;D:\java\Maven\repository\com\alibaba\fastjson\1.2.47\fastjson-1.2.47.jar;D:\java\Maven\repository\commons-lang\commons-lang\2.6\commons-lang-2.6.jar;D:\java\Maven\repository\commons-codec\commons-codec\1.11\commons-codec-1.11.jar;D:\java\Maven\repository\com\baomidou\mybatis-plus-generator\3.1.0\mybatis-plus-generator-3.1.0.jar;D:\java\Maven\repository\com\baomidou\mybatis-plus-annotation\3.1.0\mybatis-plus-annotation-3.1.0.jar;D:\java\Maven\repository\org\springframework\security\oauth\boot\spring-security-oauth2-autoconfigure\2.1.3.RELEASE\spring-security-oauth2-autoconfigure-2.1.3.RELEASE.jar;D:\java\Maven\repository\com\sun\xml\bind\jaxb-core\2.3.0.1\jaxb-core-2.3.0.1.jar;D:\java\Maven\repository\com\sun\xml\bind\jaxb-impl\2.3.0.1\jaxb-impl-2.3.0.1.jar;D:\java\Maven\repository\javax\xml\bind\jaxb-api\2.3.1\jaxb-api-2.3.1.jar;D:\java\Maven\repository\javax\activation\javax.activation-api\1.2.0\javax.activation-api-1.2.0.jar;D:\java\Maven\repository\org\springframework\security\oauth\spring-security-oauth2\2.3.5.RELEASE\spring-security-oauth2-2.3.5.RELEASE.jar;D:\java\Maven\repository\org\springframework\security\spring-security-core\5.1.4.RELEASE\spring-security-core-5.1.4.RELEASE.jar;D:\java\Maven\repository\org\springframework\security\spring-security-config\5.1.4.RELEASE\spring-security-config-5.1.4.RELEASE.jar;D:\java\Maven\repository\org\springframework\security\spring-security-web\5.1.4.RELEASE\spring-security-web-5.1.4.RELEASE.jar;D:\java\Maven\repository\org\codehaus\jackson\jackson-mapper-asl\1.9.13\jackson-mapper-asl-1.9.13.jar;D:\java\Maven\repository\org\codehaus\jackson\jackson-core-asl\1.9.13\jackson-core-asl-1.9.13.jar;D:\java\Maven\repository\org\springframework\security\spring-security-jwt\1.0.9.RELEASE\spring-security-jwt-1.0.9.RELEASE.jar;D:\java\Maven\repository\org\bouncycastle\bcpkix-jdk15on\1.56\bcpkix-jdk15on-1.56.jar;D:\java\Maven\repository\org\bouncycastle\bcprov-jdk15on\1.56\bcprov-jdk15on-1.56.jar;D:\java\Maven\repository\org\springframework\cloud\spring-cloud-starter-netflix-hystrix\2.1.0.RELEASE\spring-cloud-starter-netflix-hystrix-2.1.0.RELEASE.jar;D:\java\Maven\repository\org\springframework\cloud\spring-cloud-netflix-ribbon\2.1.0.RELEASE\spring-cloud-netflix-ribbon-2.1.0.RELEASE.jar;D:\java\Maven\repository\com\netflix\hystrix\hystrix-core\1.5.18\hystrix-core-1.5.18.jar;D:\java\Maven\repository\com\netflix\hystrix\hystrix-serialization\1.5.18\hystrix-serialization-1.5.18.jar;D:\java\Maven\repository\com\fasterxml\jackson\module\jackson-module-afterburner\2.9.8\jackson-module-afterburner-2.9.8.jar;D:\java\Maven\repository\com\netflix\hystrix\hystrix-metrics-event-stream\1.5.18\hystrix-metrics-event-stream-1.5.18.jar;D:\java\Maven\repository\com\netflix\hystrix\hystrix-javanica\1.5.18\hystrix-javanica-1.5.18.jar;D:\java\Maven\repository\org\apache\commons\commons-lang3\3.8.1\commons-lang3-3.8.1.jar;D:\java\Maven\repository\org\aspectj\aspectjweaver\1.9.2\aspectjweaver-1.9.2.jar;D:\java\Maven\repository\io\reactivex\rxjava-reactive-streams\1.2.1\rxjava-reactive-streams-1.2.1.jar;D:\java\Maven\repository\org\reactivestreams\reactive-streams\1.0.2\reactive-streams-1.0.2.jar;D:\java\Maven\repository\org\springframework\cloud\spring-cloud-starter-netflix-ribbon\2.1.0.RELEASE\spring-cloud-starter-netflix-ribbon-2.1.0.RELEASE.jar;D:\java\Maven\repository\com\netflix\ribbon\ribbon\2.3.0\ribbon-2.3.0.jar;D:\java\Maven\repository\com\netflix\ribbon\ribbon-transport\2.3.0\ribbon-transport-2.3.0.jar;D:\java\Maven\repository\io\reactivex\rxnetty-contexts\0.4.9\rxnetty-contexts-0.4.9.jar;D:\java\Maven\repository\io\reactivex\rxnetty-servo\0.4.9\rxnetty-servo-0.4.9.jar;D:\java\Maven\repository\io\reactivex\rxnetty\0.4.9\rxnetty-0.4.9.jar;D:\java\Maven\repository\com\netflix\ribbon\ribbon-core\2.3.0\ribbon-core-2.3.0.jar;D:\java\Maven\repository\com\netflix\ribbon\ribbon-httpclient\2.3.0\ribbon-httpclient-2.3.0.jar;D:\java\Maven\repository\commons-collections\commons-collections\3.2.2\commons-collections-3.2.2.jar;D:\java\Maven\repository\com\netflix\netflix-commons\netflix-commons-util\0.3.0\netflix-commons-util-0.3.0.jar;D:\java\Maven\repository\com\netflix\ribbon\ribbon-loadbalancer\2.3.0\ribbon-loadbalancer-2.3.0.jar;D:\java\Maven\repository\com\netflix\netflix-commons\netflix-statistics\0.1.1\netflix-statistics-0.1.1.jar;D:\java\Maven\repository\io\reactivex\rxjava\1.3.8\rxjava-1.3.8.jar;D:\java\Maven\repository\org\springframework\cloud\spring-cloud-starter-openfeign\2.1.0.RELEASE\spring-cloud-starter-openfeign-2.1.0.RELEASE.jar;D:\java\Maven\repository\org\springframework\cloud\spring-cloud-openfeign-core\2.1.0.RELEASE\spring-cloud-openfeign-core-2.1.0.RELEASE.jar;D:\java\Maven\repository\io\github\openfeign\form\feign-form-spring\3.5.0\feign-form-spring-3.5.0.jar;D:\java\Maven\repository\io\github\openfeign\form\feign-form\3.5.0\feign-form-3.5.0.jar;D:\java\Maven\repository\commons-fileupload\commons-fileupload\1.3.3\commons-fileupload-1.3.3.jar;D:\java\Maven\repository\commons-io\commons-io\2.2\commons-io-2.2.jar;D:\java\Maven\repository\org\springframework\cloud\spring-cloud-commons\2.1.0.RELEASE\spring-cloud-commons-2.1.0.RELEASE.jar;D:\java\Maven\repository\org\springframework\security\spring-security-crypto\5.1.4.RELEASE\spring-security-crypto-5.1.4.RELEASE.jar;D:\java\Maven\repository\io\github\openfeign\feign-core\10.1.0\feign-core-10.1.0.jar;D:\java\Maven\repository\io\github\openfeign\feign-slf4j\10.1.0\feign-slf4j-10.1.0.jar;D:\java\Maven\repository\io\github\openfeign\feign-hystrix\10.1.0\feign-hystrix-10.1.0.jar;D:\java\Maven\repository\org\springframework\data\spring-data-commons\2.1.5.RELEASE\spring-data-commons-2.1.5.RELEASE.jar;D:\java\Maven\repository\org\springframework\spring-beans\5.1.5.RELEASE\spring-beans-5.1.5.RELEASE.jar;D:\java\Maven\repository\org\projectlombok\lombok\1.18.0\lombok-1.18.0.jar;D:\java\Maven\repository\org\springframework\cloud\spring-cloud-starter-netflix-eureka-client\2.1.0.RELEASE\spring-cloud-starter-netflix-eureka-client-2.1.0.RELEASE.jar;D:\java\Maven\repository\org\springframework\cloud\spring-cloud-starter\2.1.0.RELEASE\spring-cloud-starter-2.1.0.RELEASE.jar;D:\java\Maven\repository\org\springframework\cloud\spring-cloud-context\2.1.0.RELEASE\spring-cloud-context-2.1.0.RELEASE.jar;D:\java\Maven\repository\org\springframework\security\spring-security-rsa\1.0.7.RELEASE\spring-security-rsa-1.0.7.RELEASE.jar;D:\java\Maven\repository\org\springframework\cloud\spring-cloud-netflix-hystrix\2.1.0.RELEASE\spring-cloud-netflix-hystrix-2.1.0.RELEASE.jar;D:\java\Maven\repository\org\springframework\boot\spring-boot-starter-aop\2.1.3.RELEASE\spring-boot-starter-aop-2.1.3.RELEASE.jar;D:\java\Maven\repository\org\springframework\cloud\spring-cloud-netflix-eureka-client\2.1.0.RELEASE\spring-cloud-netflix-eureka-client-2.1.0.RELEASE.jar;D:\java\Maven\repository\com\netflix\eureka\eureka-client\1.9.8\eureka-client-1.9.8.jar;D:\java\Maven\repository\org\codehaus\jettison\jettison\1.3.7\jettison-1.3.7.jar;D:\java\Maven\repository\stax\stax-api\1.0.1\stax-api-1.0.1.jar;D:\java\Maven\repository\com\netflix\netflix-commons\netflix-eventbus\0.3.0\netflix-eventbus-0.3.0.jar;D:\java\Maven\repository\com\netflix\netflix-commons\netflix-infix\0.3.0\netflix-infix-0.3.0.jar;D:\java\Maven\repository\commons-jxpath\commons-jxpath\1.3\commons-jxpath-1.3.jar;D:\java\Maven\repository\joda-time\joda-time\2.10.1\joda-time-2.10.1.jar;D:\java\Maven\repository\org\antlr\antlr-runtime\3.4\antlr-runtime-3.4.jar;D:\java\Maven\repository\org\antlr\stringtemplate\3.2.1\stringtemplate-3.2.1.jar;D:\java\Maven\repository\antlr\antlr\2.7.7\antlr-2.7.7.jar;D:\java\Maven\repository\org\apache\commons\commons-math\2.2\commons-math-2.2.jar;D:\java\Maven\repository\com\netflix\archaius\archaius-core\0.7.6\archaius-core-0.7.6.jar;D:\java\Maven\repository\javax\ws\rs\jsr311-api\1.1.1\jsr311-api-1.1.1.jar;D:\java\Maven\repository\com\netflix\servo\servo-core\0.12.21\servo-core-0.12.21.jar;D:\java\Maven\repository\com\sun\jersey\jersey-core\1.19.1\jersey-core-1.19.1.jar;D:\java\Maven\repository\com\sun\jersey\jersey-client\1.19.1\jersey-client-1.19.1.jar;D:\java\Maven\repository\com\sun\jersey\contribs\jersey-apache-client4\1.19.1\jersey-apache-client4-1.19.1.jar;D:\java\Maven\repository\org\apache\httpcomponents\httpclient\4.5.7\httpclient-4.5.7.jar;D:\java\Maven\repository\org\apache\httpcomponents\httpcore\4.4.11\httpcore-4.4.11.jar;D:\java\Maven\repository\com\github\vlsi\compactmap\compactmap\1.2.1\compactmap-1.2.1.jar;D:\java\Maven\repository\com\github\andrewoma\dexx\dexx-collections\0.2\dexx-collections-0.2.jar;D:\java\Maven\repository\com\fasterxml\jackson\core\jackson-annotations\2.9.0\jackson-annotations-2.9.0.jar;D:\java\Maven\repository\com\fasterxml\jackson\core\jackson-core\2.9.8\jackson-core-2.9.8.jar;D:\java\Maven\repository\com\fasterxml\jackson\core\jackson-databind\2.9.8\jackson-databind-2.9.8.jar;D:\java\Maven\repository\com\netflix\eureka\eureka-core\1.9.8\eureka-core-1.9.8.jar;D:\java\Maven\repository\org\codehaus\woodstox\woodstox-core-asl\4.4.1\woodstox-core-asl-4.4.1.jar;D:\java\Maven\repository\javax\xml\stream\stax-api\1.0-2\stax-api-1.0-2.jar;D:\java\Maven\repository\org\codehaus\woodstox\stax2-api\3.1.4\stax2-api-3.1.4.jar;D:\java\Maven\repository\org\springframework\cloud\spring-cloud-starter-netflix-archaius\2.1.0.RELEASE\spring-cloud-starter-netflix-archaius-2.1.0.RELEASE.jar;D:\java\Maven\repository\org\springframework\cloud\spring-cloud-netflix-archaius\2.1.0.RELEASE\spring-cloud-netflix-archaius-2.1.0.RELEASE.jar;D:\java\Maven\repository\commons-configuration\commons-configuration\1.8\commons-configuration-1.8.jar;D:\java\Maven\repository\com\netflix\ribbon\ribbon-eureka\2.3.0\ribbon-eureka-2.3.0.jar;D:\java\Maven\repository\com\thoughtworks\xstream\xstream\1.4.10\xstream-1.4.10.jar;D:\java\Maven\repository\xmlpull\xmlpull\1.1.3.1\xmlpull-1.1.3.1.jar;D:\java\Maven\repository\xpp3\xpp3_min\1.1.4c\xpp3_min-1.1.4c.jar;D:\java\Maven\repository\org\springframework\retry\spring-retry\1.2.4.RELEASE\spring-retry-1.2.4.RELEASE.jar;D:\java\Maven\repository\org\springframework\spring-core\5.1.5.RELEASE\spring-core-5.1.5.RELEASE.jar;D:\java\Maven\repository\org\springframework\spring-jcl\5.1.5.RELEASE\spring-jcl-5.1.5.RELEASE.jar;D:\java\Maven\repository\org\springframework\boot\spring-boot-starter-test\2.1.3.RELEASE\spring-boot-starter-test-2.1.3.RELEASE.jar;D:\java\Maven\repository\org\springframework\boot\spring-boot-test\2.1.3.RELEASE\spring-boot-test-2.1.3.RELEASE.jar;D:\java\Maven\repository\org\springframework\boot\spring-boot-test-autoconfigure\2.1.3.RELEASE\spring-boot-test-autoconfigure-2.1.3.RELEASE.jar;D:\java\Maven\repository\com\jayway\jsonpath\json-path\2.4.0\json-path-2.4.0.jar;D:\java\Maven\repository\net\minidev\json-smart\2.3\json-smart-2.3.jar;D:\java\Maven\repository\net\minidev\accessors-smart\1.2\accessors-smart-1.2.jar;D:\java\Maven\repository\junit\junit\4.12\junit-4.12.jar;D:\java\Maven\repository\org\assertj\assertj-core\3.11.1\assertj-core-3.11.1.jar;D:\java\Maven\repository\org\mockito\mockito-core\2.23.4\mockito-core-2.23.4.jar;D:\java\Maven\repository\net\bytebuddy\byte-buddy\1.9.10\byte-buddy-1.9.10.jar;D:\java\Maven\repository\net\bytebuddy\byte-buddy-agent\1.9.10\byte-buddy-agent-1.9.10.jar;D:\java\Maven\repository\org\hamcrest\hamcrest-core\1.3\hamcrest-core-1.3.jar;D:\java\Maven\repository\org\hamcrest\hamcrest-library\1.3\hamcrest-library-1.3.jar;D:\java\Maven\repository\org\skyscreamer\jsonassert\1.5.0\jsonassert-1.5.0.jar;D:\java\Maven\repository\com\vaadin\external\google\android-json\0.0.20131108.vaadin1\android-json-0.0.20131108.vaadin1.jar;D:\java\Maven\repository\org\springframework\spring-test\5.1.5.RELEASE\spring-test-5.1.5.RELEASE.jar;D:\java\Maven\repository\org\xmlunit\xmlunit-core\2.6.2\xmlunit-core-2.6.2.jar;D:\java\Maven\repository\org\springframework\boot\spring-boot-starter-actuator\2.1.3.RELEASE\spring-boot-starter-actuator-2.1.3.RELEASE.jar;D:\java\Maven\repository\org\springframework\boot\spring-boot-actuator-autoconfigure\2.1.3.RELEASE\spring-boot-actuator-autoconfigure-2.1.3.RELEASE.jar;D:\java\Maven\repository\org\springframework\boot\spring-boot-actuator\2.1.3.RELEASE\spring-boot-actuator-2.1.3.RELEASE.jar;D:\java\Maven\repository\org\springframework\spring-context\5.1.5.RELEASE\spring-context-5.1.5.RELEASE.jar;D:\java\Maven\repository\com\fasterxml\jackson\datatype\jackson-datatype-jsr310\2.9.8\jackson-datatype-jsr310-2.9.8.jar;D:\java\Maven\repository\io\micrometer\micrometer-core\1.1.3\micrometer-core-1.1.3.jar;D:\java\Maven\repository\org\hdrhistogram\HdrHistogram\2.1.9\HdrHistogram-2.1.9.jar;D:\java\Maven\repository\org\latencyutils\LatencyUtils\2.0.3\LatencyUtils-2.0.3.jar;D:\java\Maven\repository\org\springframework\boot\spring-boot-starter-web\2.1.3.RELEASE\spring-boot-starter-web-2.1.3.RELEASE.jar;D:\java\Maven\repository\org\springframework\boot\spring-boot-starter-json\2.1.3.RELEASE\spring-boot-starter-json-2.1.3.RELEASE.jar;D:\java\Maven\repository\com\fasterxml\jackson\datatype\jackson-datatype-jdk8\2.9.8\jackson-datatype-jdk8-2.9.8.jar;D:\java\Maven\repository\com\fasterxml\jackson\module\jackson-module-parameter-names\2.9.8\jackson-module-parameter-names-2.9.8.jar;D:\java\Maven\repository\org\springframework\boot\spring-boot-starter-tomcat\2.1.3.RELEASE\spring-boot-starter-tomcat-2.1.3.RELEASE.jar;D:\java\Maven\repository\org\apache\tomcat\embed\tomcat-embed-core\9.0.16\tomcat-embed-core-9.0.16.jar;D:\java\Maven\repository\org\apache\tomcat\embed\tomcat-embed-el\9.0.16\tomcat-embed-el-9.0.16.jar;D:\java\Maven\repository\org\apache\tomcat\embed\tomcat-embed-websocket\9.0.16\tomcat-embed-websocket-9.0.16.jar;D:\java\Maven\repository\org\hibernate\validator\hibernate-validator\6.0.14.Final\hibernate-validator-6.0.14.Final.jar;D:\java\Maven\repository\javax\validation\validation-api\2.0.1.Final\validation-api-2.0.1.Final.jar;D:\java\Maven\repository\org\jboss\logging\jboss-logging\3.3.2.Final\jboss-logging-3.3.2.Final.jar;D:\java\Maven\repository\com\fasterxml\classmate\1.4.0\classmate-1.4.0.jar;D:\java\Maven\repository\org\springframework\spring-web\5.1.5.RELEASE\spring-web-5.1.5.RELEASE.jar;D:\java\Maven\repository\org\springframework\spring-webmvc\5.1.5.RELEASE\spring-webmvc-5.1.5.RELEASE.jar;D:\java\Maven\repository\org\springframework\spring-aop\5.1.5.RELEASE\spring-aop-5.1.5.RELEASE.jar;D:\java\Maven\repository\org\springframework\spring-expression\5.1.5.RELEASE\spring-expression-5.1.5.RELEASE.jar;D:\java\Maven\repository\org\springframework\boot\spring-boot-starter\2.1.3.RELEASE\spring-boot-starter-2.1.3.RELEASE.jar;D:\java\Maven\repository\org\springframework\boot\spring-boot\2.1.3.RELEASE\spring-boot-2.1.3.RELEASE.jar;D:\java\Maven\repository\org\springframework\boot\spring-boot-autoconfigure\2.1.3.RELEASE\spring-boot-autoconfigure-2.1.3.RELEASE.jar;D:\java\Maven\repository\javax\annotation\javax.annotation-api\1.3.2\javax.annotation-api-1.3.2.jar;D:\java\Maven\repository\org\yaml\snakeyaml\1.23\snakeyaml-1.23.jar;D:\java\Maven\repository\org\springframework\boot\spring-boot-starter-log4j2\2.1.3.RELEASE\spring-boot-starter-log4j2-2.1.3.RELEASE.jar;D:\java\Maven\repository\org\apache\logging\log4j\log4j-slf4j-impl\2.11.2\log4j-slf4j-impl-2.11.2.jar;D:\java\Maven\repository\org\apache\logging\log4j\log4j-api\2.11.2\log4j-api-2.11.2.jar;D:\java\Maven\repository\org\apache\logging\log4j\log4j-core\2.11.2\log4j-core-2.11.2.jar;D:\java\Maven\repository\org\apache\logging\log4j\log4j-jul\2.11.2\log4j-jul-2.11.2.jar;D:\java\Maven\repository\org\slf4j\jul-to-slf4j\1.7.25\jul-to-slf4j-1.7.25.jar;D:\java\Maven\repository\org\springframework\boot\spring-boot-configuration-processor\2.1.3.RELEASE\spring-boot-configuration-processor-2.1.3.RELEASE.jar;D:\java\Maven\repository\javax\interceptor\javax.interceptor-api\1.2\javax.interceptor-api-1.2.jar;D:\java\Maven\repository\com\google\guava\guava\25.0-jre\guava-25.0-jre.jar;D:\java\Maven\repository\com\google\code\findbugs\jsr305\1.3.9\jsr305-1.3.9.jar;D:\java\Maven\repository\org\checkerframework\checker-compat-qual\2.0.0\checker-compat-qual-2.0.0.jar;D:\java\Maven\repository\com\google\errorprone\error_prone_annotations\2.1.3\error_prone_annotations-2.1.3.jar;D:\java\Maven\repository\com\google\j2objc\j2objc-annotations\1.1\j2objc-annotations-1.1.jar;D:\java\Maven\repository\org\codehaus\mojo\animal-sniffer-annotations\1.14\animal-sniffer-annotations-1.14.jar;D:\java\Maven\repository\com\google\code\gson\gson\2.8.2\gson-2.8.2.jar;D:\java\Maven\repository\com\ctrip\framework\apollo\apollo-client\1.2.0\apollo-client-1.2.0.jar;D:\java\Maven\repository\com\ctrip\framework\apollo\apollo-core\1.2.0\apollo-core-1.2.0.jar;D:\java\Maven\repository\com\google\inject\guice\4.1.0\guice-4.1.0.jar;D:\java\Maven\repository\javax\inject\javax.inject\1\javax.inject-1.jar;D:\java\Maven\repository\aopalliance\aopalliance\1.0\aopalliance-1.0.jar;D:\java\Maven\repository\org\slf4j\slf4j-api\1.7.25\slf4j-api-1.7.25.jar;D:\java\Maven\repository\mysql\mysql-connector-java\8.0.11\mysql-connector-java-8.0.11.jar;D:\java\Maven\repository\com\google\protobuf\protobuf-java\2.6.0\protobuf-java-2.6.0.jar;D:\java\Maven\repository\org\springframework\boot\spring-boot-starter-data-redis\2.1.3.RELEASE\spring-boot-starter-data-redis-2.1.3.RELEASE.jar;D:\java\Maven\repository\org\springframework\data\spring-data-redis\2.1.5.RELEASE\spring-data-redis-2.1.5.RELEASE.jar;D:\java\Maven\repository\org\springframework\data\spring-data-keyvalue\2.1.5.RELEASE\spring-data-keyvalue-2.1.5.RELEASE.jar;D:\java\Maven\repository\org\springframework\spring-tx\5.1.5.RELEASE\spring-tx-5.1.5.RELEASE.jar;D:\java\Maven\repository\org\springframework\spring-oxm\5.1.5.RELEASE\spring-oxm-5.1.5.RELEASE.jar;D:\java\Maven\repository\org\springframework\spring-context-support\5.1.5.RELEASE\spring-context-support-5.1.5.RELEASE.jar;D:\java\Maven\repository\io\lettuce\lettuce-core\5.1.4.RELEASE\lettuce-core-5.1.4.RELEASE.jar;D:\java\Maven\repository\io\netty\netty-common\4.1.33.Final\netty-common-4.1.33.Final.jar;D:\java\Maven\repository\io\netty\netty-handler\4.1.33.Final\netty-handler-4.1.33.Final.jar;D:\java\Maven\repository\io\netty\netty-buffer\4.1.33.Final\netty-buffer-4.1.33.Final.jar;D:\java\Maven\repository\io\netty\netty-codec\4.1.33.Final\netty-codec-4.1.33.Final.jar;D:\java\Maven\repository\io\netty\netty-transport\4.1.33.Final\netty-transport-4.1.33.Final.jar;D:\java\Maven\repository\io\netty\netty-resolver\4.1.33.Final\netty-resolver-4.1.33.Final.jar;D:\java\Maven\repository\io\projectreactor\reactor-core\3.2.6.RELEASE\reactor-core-3.2.6.RELEASE.jar;D:\java\Maven\repository\org\apache\commons\commons-pool2\2.6.1\commons-pool2-2.6.1.jar;D:\java\Maven\repository\org\apache\rocketmq\rocketmq-spring-boot-starter\2.0.2\rocketmq-spring-boot-starter-2.0.2.jar;D:\java\Maven\repository\org\apache\rocketmq\rocketmq-spring-boot\2.0.2\rocketmq-spring-boot-2.0.2.jar;D:\java\Maven\repository\org\apache\rocketmq\rocketmq-client\4.4.0\rocketmq-client-4.4.0.jar;D:\java\Maven\repository\org\apache\rocketmq\rocketmq-common\4.4.0\rocketmq-common-4.4.0.jar;D:\java\Maven\repository\org\apache\rocketmq\rocketmq-acl\4.4.0\rocketmq-acl-4.4.0.jar;D:\java\Maven\repository\org\apache\rocketmq\rocketmq-remoting\4.4.0\rocketmq-remoting-4.4.0.jar;D:\java\Maven\repository\io\netty\netty-all\4.1.33.Final\netty-all-4.1.33.Final.jar;D:\java\Maven\repository\io\netty\netty-tcnative-boringssl-static\2.0.20.Final\netty-tcnative-boringssl-static-2.0.20.Final.jar;D:\java\Maven\repository\org\apache\rocketmq\rocketmq-logging\4.4.0\rocketmq-logging-4.4.0.jar;D:\java\Maven\repository\org\apache\rocketmq\rocketmq-srvutil\4.4.0\rocketmq-srvutil-4.4.0.jar;D:\java\Maven\repository\commons-cli\commons-cli\1.2\commons-cli-1.2.jar;D:\java\Maven\repository\org\springframework\spring-messaging\5.1.5.RELEASE\spring-messaging-5.1.5.RELEASE.jar;D:\java\Maven\repository\org\springframework\boot\spring-boot-starter-validation\2.1.3.RELEASE\spring-boot-starter-validation-2.1.3.RELEASE.jar;D:\java\Maven\repository\com\squareup\okhttp3\okhttp\3.14.1\okhttp-3.14.1.jar;D:\java\Maven\repository\com\squareup\okio\okio\1.17.2\okio-1.17.2.jar;D:\java\Maven\repository\com\esotericsoftware\kryo\4.0.2\kryo-4.0.2.jar;D:\java\Maven\repository\com\esotericsoftware\reflectasm\1.11.3\reflectasm-1.11.3.jar;D:\java\Maven\repository\org\ow2\asm\asm\5.0.4\asm-5.0.4.jar;D:\java\Maven\repository\com\esotericsoftware\minlog\1.3.0\minlog-1.3.0.jar;D:\java\Maven\repository\org\objenesis\objenesis\2.5.1\objenesis-2.5.1.jar;D:\java\Maven\repository\com\baomidou\mybatis-plus-boot-starter\3.1.0\mybatis-plus-boot-starter-3.1.0.jar;D:\java\Maven\repository\com\baomidou\mybatis-plus\3.1.0\mybatis-plus-3.1.0.jar;D:\java\Maven\repository\com\baomidou\mybatis-plus-extension\3.1.0\mybatis-plus-extension-3.1.0.jar;D:\java\Maven\repository\com\baomidou\mybatis-plus-core\3.1.0\mybatis-plus-core-3.1.0.jar;D:\java\Maven\repository\org\mybatis\mybatis\3.5.0\mybatis-3.5.0.jar;D:\java\Maven\repository\com\github\jsqlparser\jsqlparser\1.4\jsqlparser-1.4.jar;D:\java\Maven\repository\org\mybatis\mybatis-spring\2.0.0\mybatis-spring-2.0.0.jar;D:\java\Maven\repository\org\springframework\boot\spring-boot-starter-jdbc\2.1.3.RELEASE\spring-boot-starter-jdbc-2.1.3.RELEASE.jar;D:\java\Maven\repository\com\zaxxer\HikariCP\3.2.0\HikariCP-3.2.0.jar;D:\java\Maven\repository\org\springframework\spring-jdbc\5.1.5.RELEASE\spring-jdbc-5.1.5.RELEASE.jar;D:\java\Maven\repository\org\mybatis\mybatis-typehandlers-jsr310\1.0.2\mybatis-typehandlers-jsr310-1.0.2.jar;D:\java\Maven\repository\com\alibaba\druid-spring-boot-starter\1.1.16\druid-spring-boot-starter-1.1.16.jar;D:\java\Maven\repository\com\alibaba\druid\1.1.16\druid-1.1.16.jar;"/>
    <property name="java.vm.vendor" value="Oracle Corporation"/>
    <property name="sun.arch.data.model" value="64"/>
    <property name="user.variant" value=""/>
    <property name="java.vendor.url" value="http://java.oracle.com/"/>
    <property name="user.timezone" value="Asia/Shanghai"/>
    <property name="java.vm.specification.version" value="1.8"/>
    <property name="os.name" value="Windows 10"/>
    <property name="user.country" value="CN"/>
    <property name="sun.java.launcher" value="SUN_STANDARD"/>
    <property name="sun.boot.library.path" value="C:\Program Files\Java\jdk1.8.0_291\jre\bin"/>
    <property name="sun.java.command" value="C:\Users\12715\AppData\Local\Temp\surefire8730370200672485234\surefirebooter5507984388488547411.jar C:\Users\12715\AppData\Local\Temp\surefire8730370200672485234 2021-10-11T20-30-45_654-jvmRun1 surefire8465920190193321352tmp surefire_04892087950420559538tmp"/>
    <property name="surefire.test.class.path" value="D:\java\wanxinp2p_apollo\wanxinp2p-account-service\target\test-classes;D:\java\wanxinp2p_apollo\wanxinp2p-account-service\target\classes;D:\java\Maven\repository\cn\itcast\wanxinp2p\wanxinp2p-api\1.0-SNAPSHOT\wanxinp2p-api-1.0-SNAPSHOT.jar;D:\java\Maven\repository\cn\itcast\wanxinp2p\wanxinp2p-common\1.0-SNAPSHOT\wanxinp2p-common-1.0-SNAPSHOT.jar;D:\java\Maven\repository\io\springfox\springfox-swagger2\2.9.2\springfox-swagger2-2.9.2.jar;D:\java\Maven\repository\io\swagger\swagger-annotations\1.5.20\swagger-annotations-1.5.20.jar;D:\java\Maven\repository\io\swagger\swagger-models\1.5.20\swagger-models-1.5.20.jar;D:\java\Maven\repository\io\springfox\springfox-spi\2.9.2\springfox-spi-2.9.2.jar;D:\java\Maven\repository\io\springfox\springfox-core\2.9.2\springfox-core-2.9.2.jar;D:\java\Maven\repository\io\springfox\springfox-schema\2.9.2\springfox-schema-2.9.2.jar;D:\java\Maven\repository\io\springfox\springfox-swagger-common\2.9.2\springfox-swagger-common-2.9.2.jar;D:\java\Maven\repository\io\springfox\springfox-spring-web\2.9.2\springfox-spring-web-2.9.2.jar;D:\java\Maven\repository\org\springframework\plugin\spring-plugin-core\1.2.0.RELEASE\spring-plugin-core-1.2.0.RELEASE.jar;D:\java\Maven\repository\org\springframework\plugin\spring-plugin-metadata\1.2.0.RELEASE\spring-plugin-metadata-1.2.0.RELEASE.jar;D:\java\Maven\repository\org\mapstruct\mapstruct\1.2.0.Final\mapstruct-1.2.0.Final.jar;D:\java\Maven\repository\io\springfox\springfox-swagger-ui\2.9.2\springfox-swagger-ui-2.9.2.jar;D:\java\Maven\repository\com\alibaba\fastjson\1.2.47\fastjson-1.2.47.jar;D:\java\Maven\repository\commons-lang\commons-lang\2.6\commons-lang-2.6.jar;D:\java\Maven\repository\commons-codec\commons-codec\1.11\commons-codec-1.11.jar;D:\java\Maven\repository\com\baomidou\mybatis-plus-generator\3.1.0\mybatis-plus-generator-3.1.0.jar;D:\java\Maven\repository\com\baomidou\mybatis-plus-annotation\3.1.0\mybatis-plus-annotation-3.1.0.jar;D:\java\Maven\repository\org\springframework\security\oauth\boot\spring-security-oauth2-autoconfigure\2.1.3.RELEASE\spring-security-oauth2-autoconfigure-2.1.3.RELEASE.jar;D:\java\Maven\repository\com\sun\xml\bind\jaxb-core\2.3.0.1\jaxb-core-2.3.0.1.jar;D:\java\Maven\repository\com\sun\xml\bind\jaxb-impl\2.3.0.1\jaxb-impl-2.3.0.1.jar;D:\java\Maven\repository\javax\xml\bind\jaxb-api\2.3.1\jaxb-api-2.3.1.jar;D:\java\Maven\repository\javax\activation\javax.activation-api\1.2.0\javax.activation-api-1.2.0.jar;D:\java\Maven\repository\org\springframework\security\oauth\spring-security-oauth2\2.3.5.RELEASE\spring-security-oauth2-2.3.5.RELEASE.jar;D:\java\Maven\repository\org\springframework\security\spring-security-core\5.1.4.RELEASE\spring-security-core-5.1.4.RELEASE.jar;D:\java\Maven\repository\org\springframework\security\spring-security-config\5.1.4.RELEASE\spring-security-config-5.1.4.RELEASE.jar;D:\java\Maven\repository\org\springframework\security\spring-security-web\5.1.4.RELEASE\spring-security-web-5.1.4.RELEASE.jar;D:\java\Maven\repository\org\codehaus\jackson\jackson-mapper-asl\1.9.13\jackson-mapper-asl-1.9.13.jar;D:\java\Maven\repository\org\codehaus\jackson\jackson-core-asl\1.9.13\jackson-core-asl-1.9.13.jar;D:\java\Maven\repository\org\springframework\security\spring-security-jwt\1.0.9.RELEASE\spring-security-jwt-1.0.9.RELEASE.jar;D:\java\Maven\repository\org\bouncycastle\bcpkix-jdk15on\1.56\bcpkix-jdk15on-1.56.jar;D:\java\Maven\repository\org\bouncycastle\bcprov-jdk15on\1.56\bcprov-jdk15on-1.56.jar;D:\java\Maven\repository\org\springframework\cloud\spring-cloud-starter-netflix-hystrix\2.1.0.RELEASE\spring-cloud-starter-netflix-hystrix-2.1.0.RELEASE.jar;D:\java\Maven\repository\org\springframework\cloud\spring-cloud-netflix-ribbon\2.1.0.RELEASE\spring-cloud-netflix-ribbon-2.1.0.RELEASE.jar;D:\java\Maven\repository\com\netflix\hystrix\hystrix-core\1.5.18\hystrix-core-1.5.18.jar;D:\java\Maven\repository\com\netflix\hystrix\hystrix-serialization\1.5.18\hystrix-serialization-1.5.18.jar;D:\java\Maven\repository\com\fasterxml\jackson\module\jackson-module-afterburner\2.9.8\jackson-module-afterburner-2.9.8.jar;D:\java\Maven\repository\com\netflix\hystrix\hystrix-metrics-event-stream\1.5.18\hystrix-metrics-event-stream-1.5.18.jar;D:\java\Maven\repository\com\netflix\hystrix\hystrix-javanica\1.5.18\hystrix-javanica-1.5.18.jar;D:\java\Maven\repository\org\apache\commons\commons-lang3\3.8.1\commons-lang3-3.8.1.jar;D:\java\Maven\repository\org\aspectj\aspectjweaver\1.9.2\aspectjweaver-1.9.2.jar;D:\java\Maven\repository\io\reactivex\rxjava-reactive-streams\1.2.1\rxjava-reactive-streams-1.2.1.jar;D:\java\Maven\repository\org\reactivestreams\reactive-streams\1.0.2\reactive-streams-1.0.2.jar;D:\java\Maven\repository\org\springframework\cloud\spring-cloud-starter-netflix-ribbon\2.1.0.RELEASE\spring-cloud-starter-netflix-ribbon-2.1.0.RELEASE.jar;D:\java\Maven\repository\com\netflix\ribbon\ribbon\2.3.0\ribbon-2.3.0.jar;D:\java\Maven\repository\com\netflix\ribbon\ribbon-transport\2.3.0\ribbon-transport-2.3.0.jar;D:\java\Maven\repository\io\reactivex\rxnetty-contexts\0.4.9\rxnetty-contexts-0.4.9.jar;D:\java\Maven\repository\io\reactivex\rxnetty-servo\0.4.9\rxnetty-servo-0.4.9.jar;D:\java\Maven\repository\io\reactivex\rxnetty\0.4.9\rxnetty-0.4.9.jar;D:\java\Maven\repository\com\netflix\ribbon\ribbon-core\2.3.0\ribbon-core-2.3.0.jar;D:\java\Maven\repository\com\netflix\ribbon\ribbon-httpclient\2.3.0\ribbon-httpclient-2.3.0.jar;D:\java\Maven\repository\commons-collections\commons-collections\3.2.2\commons-collections-3.2.2.jar;D:\java\Maven\repository\com\netflix\netflix-commons\netflix-commons-util\0.3.0\netflix-commons-util-0.3.0.jar;D:\java\Maven\repository\com\netflix\ribbon\ribbon-loadbalancer\2.3.0\ribbon-loadbalancer-2.3.0.jar;D:\java\Maven\repository\com\netflix\netflix-commons\netflix-statistics\0.1.1\netflix-statistics-0.1.1.jar;D:\java\Maven\repository\io\reactivex\rxjava\1.3.8\rxjava-1.3.8.jar;D:\java\Maven\repository\org\springframework\cloud\spring-cloud-starter-openfeign\2.1.0.RELEASE\spring-cloud-starter-openfeign-2.1.0.RELEASE.jar;D:\java\Maven\repository\org\springframework\cloud\spring-cloud-openfeign-core\2.1.0.RELEASE\spring-cloud-openfeign-core-2.1.0.RELEASE.jar;D:\java\Maven\repository\io\github\openfeign\form\feign-form-spring\3.5.0\feign-form-spring-3.5.0.jar;D:\java\Maven\repository\io\github\openfeign\form\feign-form\3.5.0\feign-form-3.5.0.jar;D:\java\Maven\repository\commons-fileupload\commons-fileupload\1.3.3\commons-fileupload-1.3.3.jar;D:\java\Maven\repository\commons-io\commons-io\2.2\commons-io-2.2.jar;D:\java\Maven\repository\org\springframework\cloud\spring-cloud-commons\2.1.0.RELEASE\spring-cloud-commons-2.1.0.RELEASE.jar;D:\java\Maven\repository\org\springframework\security\spring-security-crypto\5.1.4.RELEASE\spring-security-crypto-5.1.4.RELEASE.jar;D:\java\Maven\repository\io\github\openfeign\feign-core\10.1.0\feign-core-10.1.0.jar;D:\java\Maven\repository\io\github\openfeign\feign-slf4j\10.1.0\feign-slf4j-10.1.0.jar;D:\java\Maven\repository\io\github\openfeign\feign-hystrix\10.1.0\feign-hystrix-10.1.0.jar;D:\java\Maven\repository\org\springframework\data\spring-data-commons\2.1.5.RELEASE\spring-data-commons-2.1.5.RELEASE.jar;D:\java\Maven\repository\org\springframework\spring-beans\5.1.5.RELEASE\spring-beans-5.1.5.RELEASE.jar;D:\java\Maven\repository\org\projectlombok\lombok\1.18.0\lombok-1.18.0.jar;D:\java\Maven\repository\org\springframework\cloud\spring-cloud-starter-netflix-eureka-client\2.1.0.RELEASE\spring-cloud-starter-netflix-eureka-client-2.1.0.RELEASE.jar;D:\java\Maven\repository\org\springframework\cloud\spring-cloud-starter\2.1.0.RELEASE\spring-cloud-starter-2.1.0.RELEASE.jar;D:\java\Maven\repository\org\springframework\cloud\spring-cloud-context\2.1.0.RELEASE\spring-cloud-context-2.1.0.RELEASE.jar;D:\java\Maven\repository\org\springframework\security\spring-security-rsa\1.0.7.RELEASE\spring-security-rsa-1.0.7.RELEASE.jar;D:\java\Maven\repository\org\springframework\cloud\spring-cloud-netflix-hystrix\2.1.0.RELEASE\spring-cloud-netflix-hystrix-2.1.0.RELEASE.jar;D:\java\Maven\repository\org\springframework\boot\spring-boot-starter-aop\2.1.3.RELEASE\spring-boot-starter-aop-2.1.3.RELEASE.jar;D:\java\Maven\repository\org\springframework\cloud\spring-cloud-netflix-eureka-client\2.1.0.RELEASE\spring-cloud-netflix-eureka-client-2.1.0.RELEASE.jar;D:\java\Maven\repository\com\netflix\eureka\eureka-client\1.9.8\eureka-client-1.9.8.jar;D:\java\Maven\repository\org\codehaus\jettison\jettison\1.3.7\jettison-1.3.7.jar;D:\java\Maven\repository\stax\stax-api\1.0.1\stax-api-1.0.1.jar;D:\java\Maven\repository\com\netflix\netflix-commons\netflix-eventbus\0.3.0\netflix-eventbus-0.3.0.jar;D:\java\Maven\repository\com\netflix\netflix-commons\netflix-infix\0.3.0\netflix-infix-0.3.0.jar;D:\java\Maven\repository\commons-jxpath\commons-jxpath\1.3\commons-jxpath-1.3.jar;D:\java\Maven\repository\joda-time\joda-time\2.10.1\joda-time-2.10.1.jar;D:\java\Maven\repository\org\antlr\antlr-runtime\3.4\antlr-runtime-3.4.jar;D:\java\Maven\repository\org\antlr\stringtemplate\3.2.1\stringtemplate-3.2.1.jar;D:\java\Maven\repository\antlr\antlr\2.7.7\antlr-2.7.7.jar;D:\java\Maven\repository\org\apache\commons\commons-math\2.2\commons-math-2.2.jar;D:\java\Maven\repository\com\netflix\archaius\archaius-core\0.7.6\archaius-core-0.7.6.jar;D:\java\Maven\repository\javax\ws\rs\jsr311-api\1.1.1\jsr311-api-1.1.1.jar;D:\java\Maven\repository\com\netflix\servo\servo-core\0.12.21\servo-core-0.12.21.jar;D:\java\Maven\repository\com\sun\jersey\jersey-core\1.19.1\jersey-core-1.19.1.jar;D:\java\Maven\repository\com\sun\jersey\jersey-client\1.19.1\jersey-client-1.19.1.jar;D:\java\Maven\repository\com\sun\jersey\contribs\jersey-apache-client4\1.19.1\jersey-apache-client4-1.19.1.jar;D:\java\Maven\repository\org\apache\httpcomponents\httpclient\4.5.7\httpclient-4.5.7.jar;D:\java\Maven\repository\org\apache\httpcomponents\httpcore\4.4.11\httpcore-4.4.11.jar;D:\java\Maven\repository\com\github\vlsi\compactmap\compactmap\1.2.1\compactmap-1.2.1.jar;D:\java\Maven\repository\com\github\andrewoma\dexx\dexx-collections\0.2\dexx-collections-0.2.jar;D:\java\Maven\repository\com\fasterxml\jackson\core\jackson-annotations\2.9.0\jackson-annotations-2.9.0.jar;D:\java\Maven\repository\com\fasterxml\jackson\core\jackson-core\2.9.8\jackson-core-2.9.8.jar;D:\java\Maven\repository\com\fasterxml\jackson\core\jackson-databind\2.9.8\jackson-databind-2.9.8.jar;D:\java\Maven\repository\com\netflix\eureka\eureka-core\1.9.8\eureka-core-1.9.8.jar;D:\java\Maven\repository\org\codehaus\woodstox\woodstox-core-asl\4.4.1\woodstox-core-asl-4.4.1.jar;D:\java\Maven\repository\javax\xml\stream\stax-api\1.0-2\stax-api-1.0-2.jar;D:\java\Maven\repository\org\codehaus\woodstox\stax2-api\3.1.4\stax2-api-3.1.4.jar;D:\java\Maven\repository\org\springframework\cloud\spring-cloud-starter-netflix-archaius\2.1.0.RELEASE\spring-cloud-starter-netflix-archaius-2.1.0.RELEASE.jar;D:\java\Maven\repository\org\springframework\cloud\spring-cloud-netflix-archaius\2.1.0.RELEASE\spring-cloud-netflix-archaius-2.1.0.RELEASE.jar;D:\java\Maven\repository\commons-configuration\commons-configuration\1.8\commons-configuration-1.8.jar;D:\java\Maven\repository\com\netflix\ribbon\ribbon-eureka\2.3.0\ribbon-eureka-2.3.0.jar;D:\java\Maven\repository\com\thoughtworks\xstream\xstream\1.4.10\xstream-1.4.10.jar;D:\java\Maven\repository\xmlpull\xmlpull\1.1.3.1\xmlpull-1.1.3.1.jar;D:\java\Maven\repository\xpp3\xpp3_min\1.1.4c\xpp3_min-1.1.4c.jar;D:\java\Maven\repository\org\springframework\retry\spring-retry\1.2.4.RELEASE\spring-retry-1.2.4.RELEASE.jar;D:\java\Maven\repository\org\springframework\spring-core\5.1.5.RELEASE\spring-core-5.1.5.RELEASE.jar;D:\java\Maven\repository\org\springframework\spring-jcl\5.1.5.RELEASE\spring-jcl-5.1.5.RELEASE.jar;D:\java\Maven\repository\org\springframework\boot\spring-boot-starter-test\2.1.3.RELEASE\spring-boot-starter-test-2.1.3.RELEASE.jar;D:\java\Maven\repository\org\springframework\boot\spring-boot-test\2.1.3.RELEASE\spring-boot-test-2.1.3.RELEASE.jar;D:\java\Maven\repository\org\springframework\boot\spring-boot-test-autoconfigure\2.1.3.RELEASE\spring-boot-test-autoconfigure-2.1.3.RELEASE.jar;D:\java\Maven\repository\com\jayway\jsonpath\json-path\2.4.0\json-path-2.4.0.jar;D:\java\Maven\repository\net\minidev\json-smart\2.3\json-smart-2.3.jar;D:\java\Maven\repository\net\minidev\accessors-smart\1.2\accessors-smart-1.2.jar;D:\java\Maven\repository\junit\junit\4.12\junit-4.12.jar;D:\java\Maven\repository\org\assertj\assertj-core\3.11.1\assertj-core-3.11.1.jar;D:\java\Maven\repository\org\mockito\mockito-core\2.23.4\mockito-core-2.23.4.jar;D:\java\Maven\repository\net\bytebuddy\byte-buddy\1.9.10\byte-buddy-1.9.10.jar;D:\java\Maven\repository\net\bytebuddy\byte-buddy-agent\1.9.10\byte-buddy-agent-1.9.10.jar;D:\java\Maven\repository\org\hamcrest\hamcrest-core\1.3\hamcrest-core-1.3.jar;D:\java\Maven\repository\org\hamcrest\hamcrest-library\1.3\hamcrest-library-1.3.jar;D:\java\Maven\repository\org\skyscreamer\jsonassert\1.5.0\jsonassert-1.5.0.jar;D:\java\Maven\repository\com\vaadin\external\google\android-json\0.0.20131108.vaadin1\android-json-0.0.20131108.vaadin1.jar;D:\java\Maven\repository\org\springframework\spring-test\5.1.5.RELEASE\spring-test-5.1.5.RELEASE.jar;D:\java\Maven\repository\org\xmlunit\xmlunit-core\2.6.2\xmlunit-core-2.6.2.jar;D:\java\Maven\repository\org\springframework\boot\spring-boot-starter-actuator\2.1.3.RELEASE\spring-boot-starter-actuator-2.1.3.RELEASE.jar;D:\java\Maven\repository\org\springframework\boot\spring-boot-actuator-autoconfigure\2.1.3.RELEASE\spring-boot-actuator-autoconfigure-2.1.3.RELEASE.jar;D:\java\Maven\repository\org\springframework\boot\spring-boot-actuator\2.1.3.RELEASE\spring-boot-actuator-2.1.3.RELEASE.jar;D:\java\Maven\repository\org\springframework\spring-context\5.1.5.RELEASE\spring-context-5.1.5.RELEASE.jar;D:\java\Maven\repository\com\fasterxml\jackson\datatype\jackson-datatype-jsr310\2.9.8\jackson-datatype-jsr310-2.9.8.jar;D:\java\Maven\repository\io\micrometer\micrometer-core\1.1.3\micrometer-core-1.1.3.jar;D:\java\Maven\repository\org\hdrhistogram\HdrHistogram\2.1.9\HdrHistogram-2.1.9.jar;D:\java\Maven\repository\org\latencyutils\LatencyUtils\2.0.3\LatencyUtils-2.0.3.jar;D:\java\Maven\repository\org\springframework\boot\spring-boot-starter-web\2.1.3.RELEASE\spring-boot-starter-web-2.1.3.RELEASE.jar;D:\java\Maven\repository\org\springframework\boot\spring-boot-starter-json\2.1.3.RELEASE\spring-boot-starter-json-2.1.3.RELEASE.jar;D:\java\Maven\repository\com\fasterxml\jackson\datatype\jackson-datatype-jdk8\2.9.8\jackson-datatype-jdk8-2.9.8.jar;D:\java\Maven\repository\com\fasterxml\jackson\module\jackson-module-parameter-names\2.9.8\jackson-module-parameter-names-2.9.8.jar;D:\java\Maven\repository\org\springframework\boot\spring-boot-starter-tomcat\2.1.3.RELEASE\spring-boot-starter-tomcat-2.1.3.RELEASE.jar;D:\java\Maven\repository\org\apache\tomcat\embed\tomcat-embed-core\9.0.16\tomcat-embed-core-9.0.16.jar;D:\java\Maven\repository\org\apache\tomcat\embed\tomcat-embed-el\9.0.16\tomcat-embed-el-9.0.16.jar;D:\java\Maven\repository\org\apache\tomcat\embed\tomcat-embed-websocket\9.0.16\tomcat-embed-websocket-9.0.16.jar;D:\java\Maven\repository\org\hibernate\validator\hibernate-validator\6.0.14.Final\hibernate-validator-6.0.14.Final.jar;D:\java\Maven\repository\javax\validation\validation-api\2.0.1.Final\validation-api-2.0.1.Final.jar;D:\java\Maven\repository\org\jboss\logging\jboss-logging\3.3.2.Final\jboss-logging-3.3.2.Final.jar;D:\java\Maven\repository\com\fasterxml\classmate\1.4.0\classmate-1.4.0.jar;D:\java\Maven\repository\org\springframework\spring-web\5.1.5.RELEASE\spring-web-5.1.5.RELEASE.jar;D:\java\Maven\repository\org\springframework\spring-webmvc\5.1.5.RELEASE\spring-webmvc-5.1.5.RELEASE.jar;D:\java\Maven\repository\org\springframework\spring-aop\5.1.5.RELEASE\spring-aop-5.1.5.RELEASE.jar;D:\java\Maven\repository\org\springframework\spring-expression\5.1.5.RELEASE\spring-expression-5.1.5.RELEASE.jar;D:\java\Maven\repository\org\springframework\boot\spring-boot-starter\2.1.3.RELEASE\spring-boot-starter-2.1.3.RELEASE.jar;D:\java\Maven\repository\org\springframework\boot\spring-boot\2.1.3.RELEASE\spring-boot-2.1.3.RELEASE.jar;D:\java\Maven\repository\org\springframework\boot\spring-boot-autoconfigure\2.1.3.RELEASE\spring-boot-autoconfigure-2.1.3.RELEASE.jar;D:\java\Maven\repository\javax\annotation\javax.annotation-api\1.3.2\javax.annotation-api-1.3.2.jar;D:\java\Maven\repository\org\yaml\snakeyaml\1.23\snakeyaml-1.23.jar;D:\java\Maven\repository\org\springframework\boot\spring-boot-starter-log4j2\2.1.3.RELEASE\spring-boot-starter-log4j2-2.1.3.RELEASE.jar;D:\java\Maven\repository\org\apache\logging\log4j\log4j-slf4j-impl\2.11.2\log4j-slf4j-impl-2.11.2.jar;D:\java\Maven\repository\org\apache\logging\log4j\log4j-api\2.11.2\log4j-api-2.11.2.jar;D:\java\Maven\repository\org\apache\logging\log4j\log4j-core\2.11.2\log4j-core-2.11.2.jar;D:\java\Maven\repository\org\apache\logging\log4j\log4j-jul\2.11.2\log4j-jul-2.11.2.jar;D:\java\Maven\repository\org\slf4j\jul-to-slf4j\1.7.25\jul-to-slf4j-1.7.25.jar;D:\java\Maven\repository\org\springframework\boot\spring-boot-configuration-processor\2.1.3.RELEASE\spring-boot-configuration-processor-2.1.3.RELEASE.jar;D:\java\Maven\repository\javax\interceptor\javax.interceptor-api\1.2\javax.interceptor-api-1.2.jar;D:\java\Maven\repository\com\google\guava\guava\25.0-jre\guava-25.0-jre.jar;D:\java\Maven\repository\com\google\code\findbugs\jsr305\1.3.9\jsr305-1.3.9.jar;D:\java\Maven\repository\org\checkerframework\checker-compat-qual\2.0.0\checker-compat-qual-2.0.0.jar;D:\java\Maven\repository\com\google\errorprone\error_prone_annotations\2.1.3\error_prone_annotations-2.1.3.jar;D:\java\Maven\repository\com\google\j2objc\j2objc-annotations\1.1\j2objc-annotations-1.1.jar;D:\java\Maven\repository\org\codehaus\mojo\animal-sniffer-annotations\1.14\animal-sniffer-annotations-1.14.jar;D:\java\Maven\repository\com\google\code\gson\gson\2.8.2\gson-2.8.2.jar;D:\java\Maven\repository\com\ctrip\framework\apollo\apollo-client\1.2.0\apollo-client-1.2.0.jar;D:\java\Maven\repository\com\ctrip\framework\apollo\apollo-core\1.2.0\apollo-core-1.2.0.jar;D:\java\Maven\repository\com\google\inject\guice\4.1.0\guice-4.1.0.jar;D:\java\Maven\repository\javax\inject\javax.inject\1\javax.inject-1.jar;D:\java\Maven\repository\aopalliance\aopalliance\1.0\aopalliance-1.0.jar;D:\java\Maven\repository\org\slf4j\slf4j-api\1.7.25\slf4j-api-1.7.25.jar;D:\java\Maven\repository\mysql\mysql-connector-java\8.0.11\mysql-connector-java-8.0.11.jar;D:\java\Maven\repository\com\google\protobuf\protobuf-java\2.6.0\protobuf-java-2.6.0.jar;D:\java\Maven\repository\org\springframework\boot\spring-boot-starter-data-redis\2.1.3.RELEASE\spring-boot-starter-data-redis-2.1.3.RELEASE.jar;D:\java\Maven\repository\org\springframework\data\spring-data-redis\2.1.5.RELEASE\spring-data-redis-2.1.5.RELEASE.jar;D:\java\Maven\repository\org\springframework\data\spring-data-keyvalue\2.1.5.RELEASE\spring-data-keyvalue-2.1.5.RELEASE.jar;D:\java\Maven\repository\org\springframework\spring-tx\5.1.5.RELEASE\spring-tx-5.1.5.RELEASE.jar;D:\java\Maven\repository\org\springframework\spring-oxm\5.1.5.RELEASE\spring-oxm-5.1.5.RELEASE.jar;D:\java\Maven\repository\org\springframework\spring-context-support\5.1.5.RELEASE\spring-context-support-5.1.5.RELEASE.jar;D:\java\Maven\repository\io\lettuce\lettuce-core\5.1.4.RELEASE\lettuce-core-5.1.4.RELEASE.jar;D:\java\Maven\repository\io\netty\netty-common\4.1.33.Final\netty-common-4.1.33.Final.jar;D:\java\Maven\repository\io\netty\netty-handler\4.1.33.Final\netty-handler-4.1.33.Final.jar;D:\java\Maven\repository\io\netty\netty-buffer\4.1.33.Final\netty-buffer-4.1.33.Final.jar;D:\java\Maven\repository\io\netty\netty-codec\4.1.33.Final\netty-codec-4.1.33.Final.jar;D:\java\Maven\repository\io\netty\netty-transport\4.1.33.Final\netty-transport-4.1.33.Final.jar;D:\java\Maven\repository\io\netty\netty-resolver\4.1.33.Final\netty-resolver-4.1.33.Final.jar;D:\java\Maven\repository\io\projectreactor\reactor-core\3.2.6.RELEASE\reactor-core-3.2.6.RELEASE.jar;D:\java\Maven\repository\org\apache\commons\commons-pool2\2.6.1\commons-pool2-2.6.1.jar;D:\java\Maven\repository\org\apache\rocketmq\rocketmq-spring-boot-starter\2.0.2\rocketmq-spring-boot-starter-2.0.2.jar;D:\java\Maven\repository\org\apache\rocketmq\rocketmq-spring-boot\2.0.2\rocketmq-spring-boot-2.0.2.jar;D:\java\Maven\repository\org\apache\rocketmq\rocketmq-client\4.4.0\rocketmq-client-4.4.0.jar;D:\java\Maven\repository\org\apache\rocketmq\rocketmq-common\4.4.0\rocketmq-common-4.4.0.jar;D:\java\Maven\repository\org\apache\rocketmq\rocketmq-acl\4.4.0\rocketmq-acl-4.4.0.jar;D:\java\Maven\repository\org\apache\rocketmq\rocketmq-remoting\4.4.0\rocketmq-remoting-4.4.0.jar;D:\java\Maven\repository\io\netty\netty-all\4.1.33.Final\netty-all-4.1.33.Final.jar;D:\java\Maven\repository\io\netty\netty-tcnative-boringssl-static\2.0.20.Final\netty-tcnative-boringssl-static-2.0.20.Final.jar;D:\java\Maven\repository\org\apache\rocketmq\rocketmq-logging\4.4.0\rocketmq-logging-4.4.0.jar;D:\java\Maven\repository\org\apache\rocketmq\rocketmq-srvutil\4.4.0\rocketmq-srvutil-4.4.0.jar;D:\java\Maven\repository\commons-cli\commons-cli\1.2\commons-cli-1.2.jar;D:\java\Maven\repository\org\springframework\spring-messaging\5.1.5.RELEASE\spring-messaging-5.1.5.RELEASE.jar;D:\java\Maven\repository\org\springframework\boot\spring-boot-starter-validation\2.1.3.RELEASE\spring-boot-starter-validation-2.1.3.RELEASE.jar;D:\java\Maven\repository\com\squareup\okhttp3\okhttp\3.14.1\okhttp-3.14.1.jar;D:\java\Maven\repository\com\squareup\okio\okio\1.17.2\okio-1.17.2.jar;D:\java\Maven\repository\com\esotericsoftware\kryo\4.0.2\kryo-4.0.2.jar;D:\java\Maven\repository\com\esotericsoftware\reflectasm\1.11.3\reflectasm-1.11.3.jar;D:\java\Maven\repository\org\ow2\asm\asm\5.0.4\asm-5.0.4.jar;D:\java\Maven\repository\com\esotericsoftware\minlog\1.3.0\minlog-1.3.0.jar;D:\java\Maven\repository\org\objenesis\objenesis\2.5.1\objenesis-2.5.1.jar;D:\java\Maven\repository\com\baomidou\mybatis-plus-boot-starter\3.1.0\mybatis-plus-boot-starter-3.1.0.jar;D:\java\Maven\repository\com\baomidou\mybatis-plus\3.1.0\mybatis-plus-3.1.0.jar;D:\java\Maven\repository\com\baomidou\mybatis-plus-extension\3.1.0\mybatis-plus-extension-3.1.0.jar;D:\java\Maven\repository\com\baomidou\mybatis-plus-core\3.1.0\mybatis-plus-core-3.1.0.jar;D:\java\Maven\repository\org\mybatis\mybatis\3.5.0\mybatis-3.5.0.jar;D:\java\Maven\repository\com\github\jsqlparser\jsqlparser\1.4\jsqlparser-1.4.jar;D:\java\Maven\repository\org\mybatis\mybatis-spring\2.0.0\mybatis-spring-2.0.0.jar;D:\java\Maven\repository\org\springframework\boot\spring-boot-starter-jdbc\2.1.3.RELEASE\spring-boot-starter-jdbc-2.1.3.RELEASE.jar;D:\java\Maven\repository\com\zaxxer\HikariCP\3.2.0\HikariCP-3.2.0.jar;D:\java\Maven\repository\org\springframework\spring-jdbc\5.1.5.RELEASE\spring-jdbc-5.1.5.RELEASE.jar;D:\java\Maven\repository\org\mybatis\mybatis-typehandlers-jsr310\1.0.2\mybatis-typehandlers-jsr310-1.0.2.jar;D:\java\Maven\repository\com\alibaba\druid-spring-boot-starter\1.1.16\druid-spring-boot-starter-1.1.16.jar;D:\java\Maven\repository\com\alibaba\druid\1.1.16\druid-1.1.16.jar;"/>
    <property name="sun.cpu.endian" value="little"/>
    <property name="user.home" value="C:\Users\12715"/>
    <property name="user.language" value="zh"/>
    <property name="java.specification.vendor" value="Oracle Corporation"/>
    <property name="java.home" value="C:\Program Files\Java\jdk1.8.0_291\jre"/>
    <property name="basedir" value="D:\java\wanxinp2p_apollo\wanxinp2p-account-service"/>
    <property name="file.separator" value="\"/>
    <property name="line.separator" value="&#10;"/>
    <property name="java.vm.specification.vendor" value="Oracle Corporation"/>
    <property name="java.specification.name" value="Java Platform API Specification"/>
    <property name="java.awt.graphicsenv" value="sun.awt.Win32GraphicsEnvironment"/>
    <property name="surefire.real.class.path" value="C:\Users\12715\AppData\Local\Temp\surefire8730370200672485234\surefirebooter5507984388488547411.jar"/>
    <property name="sun.boot.class.path" value="C:\Program Files\Java\jdk1.8.0_291\jre\lib\resources.jar;C:\Program Files\Java\jdk1.8.0_291\jre\lib\rt.jar;C:\Program Files\Java\jdk1.8.0_291\jre\lib\sunrsasign.jar;C:\Program Files\Java\jdk1.8.0_291\jre\lib\jsse.jar;C:\Program Files\Java\jdk1.8.0_291\jre\lib\jce.jar;C:\Program Files\Java\jdk1.8.0_291\jre\lib\charsets.jar;C:\Program Files\Java\jdk1.8.0_291\jre\lib\jfr.jar;C:\Program Files\Java\jdk1.8.0_291\jre\classes"/>
    <property name="user.script" value=""/>
    <property name="sun.management.compiler" value="HotSpot 64-Bit Tiered Compilers"/>
    <property name="java.runtime.version" value="1.8.0_291-b10"/>
    <property name="user.name" value="12715"/>
    <property name="path.separator" value=";"/>
    <property name="os.version" value="10.0"/>
    <property name="java.endorsed.dirs" value="C:\Program Files\Java\jdk1.8.0_291\jre\lib\endorsed"/>
    <property name="java.runtime.name" value="Java(TM) SE Runtime Environment"/>
    <property name="file.encoding" value="GBK"/>
    <property name="java.vm.name" value="Java HotSpot(TM) 64-Bit Server VM"/>
    <property name="localRepository" value="D:\java\Maven\repository"/>
    <property name="java.vendor.url.bug" value="http://bugreport.sun.com/bugreport/"/>
    <property name="java.io.tmpdir" value="C:\Users\12715\AppData\Local\Temp\"/>
    <property name="idea.version" value="2021.1.3"/>
    <property name="java.version" value="1.8.0_291"/>
    <property name="user.dir" value="D:\java\wanxinp2p_apollo\wanxinp2p-account-service"/>
    <property name="os.arch" value="amd64"/>
    <property name="java.vm.specification.name" value="Java Virtual Machine Specification"/>
    <property name="java.awt.printerjob" value="sun.awt.windows.WPrinterJob"/>
    <property name="sun.os.patch.level" value=""/>
    <property name="java.library.path" value="C:\Program Files\Java\jdk1.8.0_291\jre\bin;C:\WINDOWS\Sun\Java\bin;C:\WINDOWS\system32;C:\WINDOWS;D:\java\Maven\apache-maven-3.6.3\bin;%MYSQL_HOME%\bin;C:\Program Files\Java\jdk1.8.0_291\bin;C:\Program Files (x86)\Common Files\Oracle\Java\javapath;C:\WINDOWS\system32;C:\WINDOWS;C:\WINDOWS\System32\Wbem;C:\WINDOWS\System32\WindowsPowerShell\v1.0\;C:\WINDOWS\System32\OpenSSH\;C:\Program Files\NVIDIA Corporation\NVIDIA NvDLISR;C:\Program Files (x86)\NVIDIA Corporation\PhysX\Common;C:\Users\12715\AppData\Local\Microsoft\WindowsApps;;."/>
    <property name="java.vm.info" value="mixed mode"/>
    <property name="java.vendor" value="Oracle Corporation"/>
    <property name="java.vm.version" value="25.291-b10"/>
    <property name="java.ext.dirs" value="C:\Program Files\Java\jdk1.8.0_291\jre\lib\ext;C:\WINDOWS\Sun\Java\lib\ext"/>
    <property name="sun.io.unicode.encoding" value="UnicodeLittle"/>
    <property name="maven.repo.local" value="D:\java\Maven\repository"/>
    <property name="java.class.version" value="52.0"/>
  </properties>
  <testcase name="initializationError" classname="cn.itcast.wanxinp2p.account.Wanxinp2pAccountServiceApplicationTests" time="0.007">
    <error message="The class cn.itcast.wanxinp2p.account.Wanxinp2pAccountServiceApplicationTests is not public." type="java.lang.Exception">java.lang.Exception: The class cn.itcast.wanxinp2p.account.Wanxinp2pAccountServiceApplicationTests is not public.
</error>
  </testcase>
  <testcase name="initializationError" classname="cn.itcast.wanxinp2p.account.Wanxinp2pAccountServiceApplicationTests" time="0">
    <error message="Test class should have exactly one public constructor" type="java.lang.Exception">java.lang.Exception: Test class should have exactly one public constructor
</error>
  </testcase>
  <testcase name="initializationError" classname="cn.itcast.wanxinp2p.account.Wanxinp2pAccountServiceApplicationTests" time="0">
    <error message="Method contextLoads() should be public" type="java.lang.Exception">java.lang.Exception: Method contextLoads() should be public
</error>
  </testcase>
</testsuite>